07-Oct-2024 19:40:44.354 INFO [main] org.apache.catalina.startup.VersionLoggerListener.log Server version name:   Apache Tomcat/9.0.82
07-Oct-2024 19:40:44.367 INFO [main] org.apache.catalina.startup.VersionLoggerListener.log Server built:          Oct 11 2023 13:15:08 UTC
07-Oct-2024 19:40:44.367 INFO [main] org.apache.catalina.startup.VersionLoggerListener.log Server version number: 9.0.82.0
07-Oct-2024 19:40:44.367 INFO [main] org.apache.catalina.startup.VersionLoggerListener.log OS Name:               Windows 10
07-Oct-2024 19:40:44.367 INFO [main] org.apache.catalina.startup.VersionLoggerListener.log OS Version:            10.0
07-Oct-2024 19:40:44.367 INFO [main] org.apache.catalina.startup.VersionLoggerListener.log Architecture:          amd64
07-Oct-2024 19:40:44.367 INFO [main] org.apache.catalina.startup.VersionLoggerListener.log Java Home:             C:\jdk14
07-Oct-2024 19:40:44.367 INFO [main] org.apache.catalina.startup.VersionLoggerListener.log JVM Version:           14.0.2+12-46
07-Oct-2024 19:40:44.367 INFO [main] org.apache.catalina.startup.VersionLoggerListener.log JVM Vendor:            Oracle Corporation
07-Oct-2024 19:40:44.367 INFO [main] org.apache.catalina.startup.VersionLoggerListener.log CATALINA_BASE:         C:\tomcat9
07-Oct-2024 19:40:44.367 INFO [main] org.apache.catalina.startup.VersionLoggerListener.log CATALINA_HOME:         C:\tomcat9
07-Oct-2024 19:40:44.392 INFO [main] org.apache.catalina.startup.VersionLoggerListener.log Command line argument: --add-opens=java.base/java.lang=ALL-UNNAMED
07-Oct-2024 19:40:44.392 INFO [main] org.apache.catalina.startup.VersionLoggerListener.log Command line argument: --add-opens=java.base/java.io=ALL-UNNAMED
07-Oct-2024 19:40:44.392 INFO [main] org.apache.catalina.startup.VersionLoggerListener.log Command line argument: --add-opens=java.base/java.util=ALL-UNNAMED
07-Oct-2024 19:40:44.392 INFO [main] org.apache.catalina.startup.VersionLoggerListener.log Command line argument: --add-opens=java.base/java.util.concurrent=ALL-UNNAMED
07-Oct-2024 19:40:44.392 INFO [main] org.apache.catalina.startup.VersionLoggerListener.log Command line argument: --add-opens=java.rmi/sun.rmi.transport=ALL-UNNAMED
07-Oct-2024 19:40:44.392 INFO [main] org.apache.catalina.startup.VersionLoggerListener.log Command line argument: -Djava.util.logging.config.file=C:\tomcat9\conf\logging.properties
07-Oct-2024 19:40:44.396 INFO [main] org.apache.catalina.startup.VersionLoggerListener.log Command line argument: -Djava.util.logging.manager=org.apache.juli.ClassLoaderLogManager
07-Oct-2024 19:40:44.400 INFO [main] org.apache.catalina.startup.VersionLoggerListener.log Command line argument: -Djdk.tls.ephemeralDHKeySize=2048
07-Oct-2024 19:40:44.402 INFO [main] org.apache.catalina.startup.VersionLoggerListener.log Command line argument: -Djava.protocol.handler.pkgs=org.apache.catalina.webresources
07-Oct-2024 19:40:44.402 INFO [main] org.apache.catalina.startup.VersionLoggerListener.log Command line argument: -Dignore.endorsed.dirs=
07-Oct-2024 19:40:44.402 INFO [main] org.apache.catalina.startup.VersionLoggerListener.log Command line argument: -Dcatalina.base=C:\tomcat9
07-Oct-2024 19:40:44.402 INFO [main] org.apache.catalina.startup.VersionLoggerListener.log Command line argument: -Dcatalina.home=C:\tomcat9
07-Oct-2024 19:40:44.402 INFO [main] org.apache.catalina.startup.VersionLoggerListener.log Command line argument: -Djava.io.tmpdir=C:\tomcat9\temp
07-Oct-2024 19:40:44.408 INFO [main] org.apache.catalina.core.AprLifecycleListener.lifecycleEvent The Apache Tomcat Native library which allows using OpenSSL was not found on the java.library.path: [C:\jdk14\bin;C:\WINDOWS\Sun\Java\bin;C:\WINDOWS\system32;C:\WINDOWS;C:\WINDOWS\system32;C:\WINDOWS;C:\WINDOWS\System32\Wbem;C:\WINDOWS\System32\WindowsPowerShell\v1.0\;C:\WINDOWS\System32\OpenSSH\;C:\Program Files\PuTTY\;C:\Users\Chirag Jaiswal\AppData\Local\Programs\Python\Python312\Scripts\;C:\Users\Chirag Jaiswal\AppData\Local\Programs\Python\Python312\;C:\Users\Chirag Jaiswal\AppData\Local\Microsoft\WindowsApps;C:\mingw64\bin;C:\jdk14\bin;C:\gradle\bin;C:\tomcat9\bin;C:\maven\bin;C:\mingw64n\bin;.]
07-Oct-2024 19:40:44.663 INFO [main] org.apache.coyote.AbstractProtocol.init Initializing ProtocolHandler ["http-nio-8080"]
07-Oct-2024 19:40:44.697 INFO [main] org.apache.catalina.startup.Catalina.load Server initialization in [863] milliseconds
07-Oct-2024 19:40:44.745 INFO [main] org.apache.catalina.core.StandardService.startInternal Starting service [Catalina]
07-Oct-2024 19:40:44.745 INFO [main] org.apache.catalina.core.StandardEngine.startInternal Starting Servlet engine: [Apache Tomcat/9.0.82]
07-Oct-2024 19:40:44.761 INFO [main] org.apache.catalina.startup.HostConfig.deployDirectory Deploying web application directory [C:\tomcat9\webapps\ajax2]
07-Oct-2024 19:40:45.695 INFO [main] org.apache.jasper.servlet.TldScanner.scanJars At least one JAR was scanned for TLDs yet contained no TLDs. Enable debug logging for this logger for a complete list of JARs that were scanned but no TLDs were found in them. Skipping unneeded JARs during scanning can improve startup time and JSP compilation time.
07-Oct-2024 19:40:45.795 INFO [main] org.apache.catalina.startup.HostConfig.deployDirectory Deployment of web application directory [C:\tomcat9\webapps\ajax2] has finished in [1,034] ms
07-Oct-2024 19:40:45.795 INFO [main] org.apache.catalina.startup.HostConfig.deployDirectory Deploying web application directory [C:\tomcat9\webapps\backup]
07-Oct-2024 19:40:45.846 INFO [main] org.apache.catalina.startup.HostConfig.deployDirectory Deployment of web application directory [C:\tomcat9\webapps\backup] has finished in [51] ms
07-Oct-2024 19:40:45.846 INFO [main] org.apache.catalina.startup.HostConfig.deployDirectory Deploying web application directory [C:\tomcat9\webapps\docs]
07-Oct-2024 19:40:45.889 INFO [main] org.apache.catalina.startup.HostConfig.deployDirectory Deployment of web application directory [C:\tomcat9\webapps\docs] has finished in [43] ms
07-Oct-2024 19:40:45.889 INFO [main] org.apache.catalina.startup.HostConfig.deployDirectory Deploying web application directory [C:\tomcat9\webapps\examples]
07-Oct-2024 19:40:47.946 INFO [main] org.apache.catalina.startup.HostConfig.deployDirectory Deployment of web application directory [C:\tomcat9\webapps\examples] has finished in [2,057] ms
07-Oct-2024 19:40:47.946 INFO [main] org.apache.catalina.startup.HostConfig.deployDirectory Deploying web application directory [C:\tomcat9\webapps\five]
07-Oct-2024 19:40:48.025 INFO [main] org.apache.catalina.startup.HostConfig.deployDirectory Deployment of web application directory [C:\tomcat9\webapps\five] has finished in [79] ms
07-Oct-2024 19:40:48.025 INFO [main] org.apache.catalina.startup.HostConfig.deployDirectory Deploying web application directory [C:\tomcat9\webapps\four]
07-Oct-2024 19:40:48.112 INFO [main] org.apache.catalina.startup.HostConfig.deployDirectory Deployment of web application directory [C:\tomcat9\webapps\four] has finished in [87] ms
07-Oct-2024 19:40:48.112 INFO [main] org.apache.catalina.startup.HostConfig.deployDirectory Deploying web application directory [C:\tomcat9\webapps\host-manager]
07-Oct-2024 19:40:48.177 INFO [main] org.apache.catalina.startup.HostConfig.deployDirectory Deployment of web application directory [C:\tomcat9\webapps\host-manager] has finished in [65] ms
07-Oct-2024 19:40:48.177 INFO [main] org.apache.catalina.startup.HostConfig.deployDirectory Deploying web application directory [C:\tomcat9\webapps\manager]
07-Oct-2024 19:40:48.240 INFO [main] org.apache.catalina.startup.HostConfig.deployDirectory Deployment of web application directory [C:\tomcat9\webapps\manager] has finished in [63] ms
07-Oct-2024 19:40:48.240 INFO [main] org.apache.catalina.startup.HostConfig.deployDirectory Deploying web application directory [C:\tomcat9\webapps\modal]
07-Oct-2024 19:40:48.272 INFO [main] org.apache.catalina.startup.HostConfig.deployDirectory Deployment of web application directory [C:\tomcat9\webapps\modal] has finished in [32] ms
07-Oct-2024 19:40:48.272 INFO [main] org.apache.catalina.startup.HostConfig.deployDirectory Deploying web application directory [C:\tomcat9\webapps\one]
07-Oct-2024 19:40:48.344 INFO [main] org.apache.catalina.startup.HostConfig.deployDirectory Deployment of web application directory [C:\tomcat9\webapps\one] has finished in [72] ms
07-Oct-2024 19:40:48.344 INFO [main] org.apache.catalina.startup.HostConfig.deployDirectory Deploying web application directory [C:\tomcat9\webapps\ROOT]
07-Oct-2024 19:40:48.377 INFO [main] org.apache.catalina.startup.HostConfig.deployDirectory Deployment of web application directory [C:\tomcat9\webapps\ROOT] has finished in [33] ms
07-Oct-2024 19:40:48.377 INFO [main] org.apache.catalina.startup.HostConfig.deployDirectory Deploying web application directory [C:\tomcat9\webapps\something]
07-Oct-2024 19:40:49.311 INFO [main] org.apache.jasper.servlet.TldScanner.scanJars At least one JAR was scanned for TLDs yet contained no TLDs. Enable debug logging for this logger for a complete list of JARs that were scanned but no TLDs were found in them. Skipping unneeded JARs during scanning can improve startup time and JSP compilation time.
07-Oct-2024 19:40:49.326 INFO [main] org.apache.catalina.startup.HostConfig.deployDirectory Deployment of web application directory [C:\tomcat9\webapps\something] has finished in [949] ms
07-Oct-2024 19:40:49.326 INFO [main] org.apache.catalina.startup.HostConfig.deployDirectory Deploying web application directory [C:\tomcat9\webapps\styleone]
07-Oct-2024 19:40:50.853 INFO [main] org.apache.jasper.servlet.TldScanner.scanJars At least one JAR was scanned for TLDs yet contained no TLDs. Enable debug logging for this logger for a complete list of JARs that were scanned but no TLDs were found in them. Skipping unneeded JARs during scanning can improve startup time and JSP compilation time.
07-Oct-2024 19:40:50.869 INFO [main] org.apache.catalina.startup.HostConfig.deployDirectory Deployment of web application directory [C:\tomcat9\webapps\styleone] has finished in [1,543] ms
07-Oct-2024 19:40:50.869 INFO [main] org.apache.catalina.startup.HostConfig.deployDirectory Deploying web application directory [C:\tomcat9\webapps\stylethree]
07-Oct-2024 19:40:52.441 INFO [main] org.apache.jasper.servlet.TldScanner.scanJars At least one JAR was scanned for TLDs yet contained no TLDs. Enable debug logging for this logger for a complete list of JARs that were scanned but no TLDs were found in them. Skipping unneeded JARs during scanning can improve startup time and JSP compilation time.
07-Oct-2024 19:40:52.457 INFO [main] org.apache.catalina.startup.HostConfig.deployDirectory Deployment of web application directory [C:\tomcat9\webapps\stylethree] has finished in [1,588] ms
07-Oct-2024 19:40:52.457 INFO [main] org.apache.catalina.startup.HostConfig.deployDirectory Deploying web application directory [C:\tomcat9\webapps\stylethreecomma]
07-Oct-2024 19:40:53.555 INFO [main] org.apache.jasper.servlet.TldScanner.scanJars At least one JAR was scanned for TLDs yet contained no TLDs. Enable debug logging for this logger for a complete list of JARs that were scanned but no TLDs were found in them. Skipping unneeded JARs during scanning can improve startup time and JSP compilation time.
07-Oct-2024 19:40:53.555 INFO [main] org.apache.catalina.startup.HostConfig.deployDirectory Deployment of web application directory [C:\tomcat9\webapps\stylethreecomma] has finished in [1,098] ms
07-Oct-2024 19:40:53.555 INFO [main] org.apache.catalina.startup.HostConfig.deployDirectory Deploying web application directory [C:\tomcat9\webapps\stylethree_uncomplete]
07-Oct-2024 19:40:53.586 INFO [main] org.apache.catalina.startup.HostConfig.deployDirectory Deployment of web application directory [C:\tomcat9\webapps\stylethree_uncomplete] has finished in [31] ms
07-Oct-2024 19:40:53.602 INFO [main] org.apache.catalina.startup.HostConfig.deployDirectory Deploying web application directory [C:\tomcat9\webapps\styletwo]
07-Oct-2024 19:40:54.793 INFO [main] org.apache.jasper.servlet.TldScanner.scanJars At least one JAR was scanned for TLDs yet contained no TLDs. Enable debug logging for this logger for a complete list of JARs that were scanned but no TLDs were found in them. Skipping unneeded JARs during scanning can improve startup time and JSP compilation time.
07-Oct-2024 19:40:54.793 INFO [main] org.apache.catalina.startup.HostConfig.deployDirectory Deployment of web application directory [C:\tomcat9\webapps\styletwo] has finished in [1,191] ms
07-Oct-2024 19:40:54.793 INFO [main] org.apache.catalina.startup.HostConfig.deployDirectory Deploying web application directory [C:\tomcat9\webapps\three]
07-Oct-2024 19:40:54.920 INFO [main] org.apache.catalina.startup.HostConfig.deployDirectory Deployment of web application directory [C:\tomcat9\webapps\three] has finished in [127] ms
07-Oct-2024 19:40:54.928 INFO [main] org.apache.catalina.startup.HostConfig.deployDirectory Deploying web application directory [C:\tomcat9\webapps\TMJRock]
07-Oct-2024 19:40:55.750 INFO [main] org.apache.jasper.servlet.TldScanner.scanJars At least one JAR was scanned for TLDs yet contained no TLDs. Enable debug logging for this logger for a complete list of JARs that were scanned but no TLDs were found in them. Skipping unneeded JARs during scanning can improve startup time and JSP compilation time.
07-Oct-2024 19:40:55.766 INFO [main] org.apache.catalina.startup.HostConfig.deployDirectory Deployment of web application directory [C:\tomcat9\webapps\TMJRock] has finished in [830] ms
07-Oct-2024 19:40:55.781 INFO [main] org.apache.catalina.startup.HostConfig.deployDirectory Deploying web application directory [C:\tomcat9\webapps\two]
07-Oct-2024 19:40:55.902 INFO [main] org.apache.catalina.startup.HostConfig.deployDirectory Deployment of web application directory [C:\tomcat9\webapps\two] has finished in [121] ms
07-Oct-2024 19:40:55.902 INFO [main] org.apache.catalina.startup.HostConfig.deployDirectory Deploying web application directory [C:\tomcat9\webapps\vapasone]
07-Oct-2024 19:40:55.949 INFO [main] org.apache.catalina.startup.HostConfig.deployDirectory Deployment of web application directory [C:\tomcat9\webapps\vapasone] has finished in [47] ms
07-Oct-2024 19:40:55.965 INFO [main] org.apache.coyote.AbstractProtocol.start Starting ProtocolHandler ["http-nio-8080"]
07-Oct-2024 19:40:56.069 INFO [main] org.apache.catalina.startup.Catalina.start Server startup in [11368] milliseconds
